<?xml version="1.0" encoding="UTF-8"?>
<!-- Generated by org.testng.reporters.JUnitReportReporter -->
<testsuite hostname="LAPTOP-P4P2FF7C" failures="0" tests="1" name="assignemnt.SearchPage1" time="25.020" errors="0" timestamp="2022-07-05T13:19:07 IST" skipped="0">
  <testcase classname="assignemnt.SearchPage1" name="verifyErrorMessageWithMultipleItem" time="25.020"/>
  <system-out/>
</testsuite> <!-- assignemnt.SearchPage1 -->
